This file contains any messages produced by compilers while
running configure, to aid debugging if configure makes a mistake.

It was created by fuse-tutorial configure 2018-02-04, which was
generated by GNU Autoconf 2.69.  Invocation command line was

  $ ./configure 

## --------- ##
## Platform. ##
## --------- ##

hostname = george-pc
uname -m = x86_64
uname -r = 4.19.42-1-MANJARO
uname -s = Linux
uname -v = #1 SMP PREEMPT Fri May 10 20:52:43 UTC 2019

/usr/bin/uname -p = unknown
/bin/uname -X     = unknown

/bin/arch              = unknown
/usr/bin/arch -k       = unknown
/usr/convex/getsysinfo = unknown
/usr/bin/hostinfo      = unknown
/bin/machine           = unknown
/usr/bin/oslevel       = unknown
/bin/universe          = unknown

PATH: /usr/local/bin
PATH: /usr/local/sbin
PATH: /usr/bin
PATH: /usr/lib/jvm/default/bin
PATH: /usr/bin/site_perl
PATH: /usr/bin/vendor_perl
PATH: /usr/bin/core_perl


## ----------- ##
## Core tests. ##
## ----------- ##

configure:2366: checking for a BSD-compatible install
configure:2434: result: /usr/bin/install -c
configure:2445: checking whether build environment is sane
configure:2500: result: yes
configure:2649: checking for a thread-safe mkdir -p
configure:2688: result: /usr/bin/mkdir -p
configure:2695: checking for gawk
configure:2711: found /usr/bin/gawk
configure:2722: result: gawk
configure:2733: checking whether make sets $(MAKE)
configure:2755: result: yes
configure:2784: checking whether make supports nested variables
configure:2801: result: yes
configure:2980: checking for gcc
configure:2996: found /usr/bin/gcc
configure:3007: result: gcc
configure:3236: checking for C compiler version
configure:3245: gcc --version >&5
gcc (GCC) 8.3.0
Copyright (C) 2018 Free Software Foundation, Inc.
This is free software; see the source for copying conditions.  There is NO
warranty; not even for MERCHANTABILITY or FITNESS FOR A PARTICULAR PURPOSE.

configure:3256: $? = 0
configure:3245: gcc -v >&5
Using built-in specs.
COLLECT_GCC=gcc
COLLECT_LTO_WRAPPER=/usr/lib/gcc/x86_64-pc-linux-gnu/8.3.0/lto-wrapper
Target: x86_64-pc-linux-gnu
Configured with: /build/gcc/src/gcc/configure --prefix=/usr --libdir=/usr/lib --libexecdir=/usr/lib --mandir=/usr/share/man --infodir=/usr/share/info --with-bugurl=https://bugs.archlinux.org/ --enable-languages=c,c++,ada,fortran,go,lto,objc,obj-c++ --enable-shared --enable-threads=posix --enable-libmpx --with-system-zlib --with-isl --enable-__cxa_atexit --disable-libunwind-exceptions --enable-clocale=gnu --disable-libstdcxx-pch --disable-libssp --enable-gnu-unique-object --enable-linker-build-id --enable-lto --enable-plugin --enable-install-libiberty --with-linker-hash-style=gnu --enable-gnu-indirect-function --enable-multilib --disable-werror --enable-checking=release --enable-default-pie --enable-default-ssp --enable-cet=auto
Thread model: posix
gcc version 8.3.0 (GCC) 
configure:3256: $? = 0
configure:3245: gcc -V >&5
gcc: error: unrecognized command line option '-V'
gcc: fatal error: no input files
compilation terminated.
configure:3256: $? = 1
configure:3245: gcc -qversion >&5
gcc: error: unrecognized command line option '-qversion'; did you mean '--version'?
gcc: fatal error: no input files
compilation terminated.
configure:3256: $? = 1
configure:3276: checking whether the C compiler works
configure:3298: gcc    conftest.c  >&5
configure:3302: $? = 0
configure:3350: result: yes
configure:3353: checking for C compiler default output file name
configure:3355: result: a.out
configure:3361: checking for suffix of executables
configure:3368: gcc -o conftest    conftest.c  >&5
configure:3372: $? = 0
configure:3394: result: 
configure:3416: checking whether we are cross compiling
configure:3424: gcc -o conftest    conftest.c  >&5
configure:3428: $? = 0
configure:3435: ./conftest
configure:3439: $? = 0
configure:3427: result: no
configure:3432: checking for suffix of object files
configure:3454: gcc -c   conftest.c >&5
configure:3458: $? = 0
configure:3479: result: o
configure:3483: checking whether we are using the GNU C compiler
configure:3502: gcc -c   conftest.c >&5
configure:3502: $? = 0
configure:3511: result: yes
configure:3520: checking whether gcc accepts -g
configure:3540: gcc -c -g  conftest.c >&5
configure:3540: $? = 0
configure:3581: result: yes
configure:3598: checking for gcc option to accept ISO C89
configure:3661: gcc  -c -g -O2  conftest.c >&5
configure:3661: $? = 0
configure:3674: result: none needed
configure:3699: checking whether gcc understands -c and -o together
configure:3721: gcc -c conftest.c -o conftest2.o
configure:3724: $? = 0
configure:3721: gcc -c conftest.c -o conftest2.o
configure:3724: $? = 0
configure:3736: result: yes
configure:3756: checking whether make supports the include directive
configure:3771: make -f confmf.GNU && cat confinc.out
this is the am__doit target
configure:3774: $? = 0
configure:3793: result: yes (GNU style)
configure:3818: checking dependency style of gcc
configure:3929: result: gcc3
configure:3952: checking how to run the C preprocessor
configure:3983: gcc -E  conftest.c
configure:3983: $? = 0
configure:3997: gcc -E  conftest.c
conftest.c:11:10: fatal error: ac_nonexistent.h: No such file or directory
 #include <ac_nonexistent.h>
          ^~~~~~~~~~~~~~~~~~
compilation terminated.
configure:3997: $? = 1
configure: failed program was:
| /* confdefs.h */
| #define PACKAGE_NAME "fuse-tutorial"
| #define PACKAGE_TARNAME "fuse-tutorial"
| #define PACKAGE_VERSION "2018-02-04"
| #define PACKAGE_STRING "fuse-tutorial 2018-02-04"
| #define PACKAGE_BUGREPORT "joseph@pfeifferfamily.net"
| #define PACKAGE_URL ""
| #define PACKAGE "fuse-tutorial"
| #define VERSION "2018-02-04"
| /* end confdefs.h.  */
| #include <ac_nonexistent.h>
configure:4022: result: gcc -E
configure:4042: gcc -E  conftest.c
configure:4042: $? = 0
configure:4056: gcc -E  conftest.c
conftest.c:11:10: fatal error: ac_nonexistent.h: No such file or directory
 #include <ac_nonexistent.h>
          ^~~~~~~~~~~~~~~~~~
compilation terminated.
configure:4056: $? = 1
configure: failed program was:
| /* confdefs.h */
| #define PACKAGE_NAME "fuse-tutorial"
| #define PACKAGE_TARNAME "fuse-tutorial"
| #define PACKAGE_VERSION "2018-02-04"
| #define PACKAGE_STRING "fuse-tutorial 2018-02-04"
| #define PACKAGE_BUGREPORT "joseph@pfeifferfamily.net"
| #define PACKAGE_URL ""
| #define PACKAGE "fuse-tutorial"
| #define VERSION "2018-02-04"
| /* end confdefs.h.  */
| #include <ac_nonexistent.h>
configure:4085: checking for grep that handles long lines and -e
configure:4143: result: /usr/bin/grep
configure:4148: checking for egrep
configure:4210: result: /usr/bin/grep -E
configure:4215: checking for ANSI C header files
configure:4235: gcc -c -g -O2  conftest.c >&5
configure:4235: $? = 0
configure:4308: gcc -o conftest -g -O2   conftest.c  >&5
configure:4308: $? = 0
configure:4308: ./conftest
configure:4308: $? = 0
configure:4319: result: yes
configure:4332: checking for sys/types.h
configure:4332: gcc -c -g -O2  conftest.c >&5
configure:4332: $? = 0
configure:4332: result: yes
configure:4332: checking for sys/stat.h
configure:4332: gcc -c -g -O2  conftest.c >&5
configure:4332: $? = 0
configure:4332: result: yes
configure:4332: checking for stdlib.h
configure:4332: gcc -c -g -O2  conftest.c >&5
configure:4332: $? = 0
configure:4332: result: yes
configure:4332: checking for string.h
configure:4332: gcc -c -g -O2  conftest.c >&5
configure:4332: $? = 0
configure:4332: result: yes
configure:4332: checking for memory.h
configure:4332: gcc -c -g -O2  conftest.c >&5
configure:4332: $? = 0
configure:4332: result: yes
configure:4332: checking for strings.h
configure:4332: gcc -c -g -O2  conftest.c >&5
configure:4332: $? = 0
configure:4332: result: yes
configure:4332: checking for inttypes.h
configure:4332: gcc -c -g -O2  conftest.c >&5
configure:4332: $? = 0
configure:4332: result: yes
configure:4332: checking for stdint.h
configure:4332: gcc -c -g -O2  conftest.c >&5
configure:4332: $? = 0
configure:4332: result: yes
configure:4332: checking for unistd.h
configure:4332: gcc -c -g -O2  conftest.c >&5
configure:4332: $? = 0
configure:4332: result: yes
configure:4347: checking fcntl.h usability
configure:4347: gcc -c -g -O2  conftest.c >&5
configure:4347: $? = 0
configure:4347: result: yes
configure:4347: checking fcntl.h presence
configure:4347: gcc -E  conftest.c
configure:4347: $? = 0
configure:4347: result: yes
configure:4347: checking for fcntl.h
configure:4347: result: yes
configure:4347: checking limits.h usability
configure:4347: gcc -c -g -O2  conftest.c >&5
configure:4347: $? = 0
configure:4347: result: yes
configure:4347: checking limits.h presence
configure:4347: gcc -E  conftest.c
configure:4347: $? = 0
configure:4347: result: yes
configure:4347: checking for limits.h
configure:4347: result: yes
configure:4347: checking for stdlib.h
configure:4347: result: yes
configure:4347: checking for string.h
configure:4347: result: yes
configure:4347: checking sys/statvfs.h usability
configure:4347: gcc -c -g -O2  conftest.c >&5
configure:4347: $? = 0
configure:4347: result: yes
configure:4347: checking sys/statvfs.h presence
configure:4347: gcc -E  conftest.c
configure:4347: $? = 0
configure:4347: result: yes
configure:4347: checking for sys/statvfs.h
configure:4347: result: yes
configure:4347: checking for unistd.h
configure:4347: result: yes
configure:4347: checking utime.h usability
configure:4347: gcc -c -g -O2  conftest.c >&5
configure:4347: $? = 0
configure:4347: result: yes
configure:4347: checking utime.h presence
configure:4347: gcc -E  conftest.c
configure:4347: $? = 0
configure:4347: result: yes
configure:4347: checking for utime.h
configure:4347: result: yes
configure:4347: checking sys/xattr.h usability
configure:4347: gcc -c -g -O2  conftest.c >&5
configure:4347: $? = 0
configure:4347: result: yes
configure:4347: checking sys/xattr.h presence
configure:4347: gcc -E  conftest.c
configure:4347: $? = 0
configure:4347: result: yes
configure:4347: checking for sys/xattr.h
configure:4347: result: yes
configure:4413: checking for pkg-config
configure:4431: found /usr/bin/pkg-config
configure:4443: result: /usr/bin/pkg-config
configure:4468: checking pkg-config is at least version 0.9.0
configure:4471: result: yes
configure:4481: checking for FUSE
configure:4488: $PKG_CONFIG --exists --print-errors "fuse"
configure:4491: $? = 0
configure:4505: $PKG_CONFIG --exists --print-errors "fuse"
configure:4508: $? = 0
configure:4566: result: yes
configure:4572: checking for uid_t in sys/types.h
configure:4591: result: yes
configure:4602: checking for mode_t
configure:4602: gcc -c -g -O2  conftest.c >&5
configure:4602: $? = 0
configure:4602: gcc -c -g -O2  conftest.c >&5
conftest.c: In function 'main':
conftest.c:65:21: error: expected expression before ')' token
 if (sizeof ((mode_t)))
                     ^
configure:4602: $? = 1
configure: failed program was:
| /* confdefs.h */
| #define PACKAGE_NAME "fuse-tutorial"
| #define PACKAGE_TARNAME "fuse-tutorial"
| #define PACKAGE_VERSION "2018-02-04"
| #define PACKAGE_STRING "fuse-tutorial 2018-02-04"
| #define PACKAGE_BUGREPORT "joseph@pfeifferfamily.net"
| #define PACKAGE_URL ""
| #define PACKAGE "fuse-tutorial"
| #define VERSION "2018-02-04"
| #define STDC_HEADERS 1
| #define HAVE_SYS_TYPES_H 1
| #define HAVE_SYS_STAT_H 1
| #define HAVE_STDLIB_H 1
| #define HAVE_STRING_H 1
| #define HAVE_MEMORY_H 1
| #define HAVE_STRINGS_H 1
| #define HAVE_INTTYPES_H 1
| #define HAVE_STDINT_H 1
| #define HAVE_UNISTD_H 1
| #define HAVE_FCNTL_H 1
| #define HAVE_LIMITS_H 1
| #define HAVE_STDLIB_H 1
| #define HAVE_STRING_H 1
| #define HAVE_SYS_STATVFS_H 1
| #define HAVE_UNISTD_H 1
| #define HAVE_UTIME_H 1
| #define HAVE_SYS_XATTR_H 1
| /* end confdefs.h.  */
| #include <stdio.h>
| #ifdef HAVE_SYS_TYPES_H
| # include <sys/types.h>
| #endif
| #ifdef HAVE_SYS_STAT_H
| # include <sys/stat.h>
| #endif
| #ifdef STDC_HEADERS
| # include <stdlib.h>
| # include <stddef.h>
| #else
| # ifdef HAVE_STDLIB_H
| #  include <stdlib.h>
| # endif
| #endif
| #ifdef HAVE_STRING_H
| # if !defined STDC_HEADERS && defined HAVE_MEMORY_H
| #  include <memory.h>
| # endif
| # include <string.h>
| #endif
| #ifdef HAVE_STRINGS_H
| # include <strings.h>
| #endif
| #ifdef HAVE_INTTYPES_H
| # include <inttypes.h>
| #endif
| #ifdef HAVE_STDINT_H
| # include <stdint.h>
| #endif
| #ifdef HAVE_UNISTD_H
| # include <unistd.h>
| #endif
| int
| main ()
| {
| if (sizeof ((mode_t)))
| 	    return 0;
|   ;
|   return 0;
| }
configure:4602: result: yes
configure:4613: checking for off_t
configure:4613: gcc -c -g -O2  conftest.c >&5
configure:4613: $? = 0
configure:4613: gcc -c -g -O2  conftest.c >&5
conftest.c: In function 'main':
conftest.c:65:20: error: expected expression before ')' token
 if (sizeof ((off_t)))
                    ^
configure:4613: $? = 1
configure: failed program was:
| /* confdefs.h */
| #define PACKAGE_NAME "fuse-tutorial"
| #define PACKAGE_TARNAME "fuse-tutorial"
| #define PACKAGE_VERSION "2018-02-04"
| #define PACKAGE_STRING "fuse-tutorial 2018-02-04"
| #define PACKAGE_BUGREPORT "joseph@pfeifferfamily.net"
| #define PACKAGE_URL ""
| #define PACKAGE "fuse-tutorial"
| #define VERSION "2018-02-04"
| #define STDC_HEADERS 1
| #define HAVE_SYS_TYPES_H 1
| #define HAVE_SYS_STAT_H 1
| #define HAVE_STDLIB_H 1
| #define HAVE_STRING_H 1
| #define HAVE_MEMORY_H 1
| #define HAVE_STRINGS_H 1
| #define HAVE_INTTYPES_H 1
| #define HAVE_STDINT_H 1
| #define HAVE_UNISTD_H 1
| #define HAVE_FCNTL_H 1
| #define HAVE_LIMITS_H 1
| #define HAVE_STDLIB_H 1
| #define HAVE_STRING_H 1
| #define HAVE_SYS_STATVFS_H 1
| #define HAVE_UNISTD_H 1
| #define HAVE_UTIME_H 1
| #define HAVE_SYS_XATTR_H 1
| /* end confdefs.h.  */
| #include <stdio.h>
| #ifdef HAVE_SYS_TYPES_H
| # include <sys/types.h>
| #endif
| #ifdef HAVE_SYS_STAT_H
| # include <sys/stat.h>
| #endif
| #ifdef STDC_HEADERS
| # include <stdlib.h>
| # include <stddef.h>
| #else
| # ifdef HAVE_STDLIB_H
| #  include <stdlib.h>
| # endif
| #endif
| #ifdef HAVE_STRING_H
| # if !defined STDC_HEADERS && defined HAVE_MEMORY_H
| #  include <memory.h>
| # endif
| # include <string.h>
| #endif
| #ifdef HAVE_STRINGS_H
| # include <strings.h>
| #endif
| #ifdef HAVE_INTTYPES_H
| # include <inttypes.h>
| #endif
| #ifdef HAVE_STDINT_H
| # include <stdint.h>
| #endif
| #ifdef HAVE_UNISTD_H
| # include <unistd.h>
| #endif
| int
| main ()
| {
| if (sizeof ((off_t)))
| 	    return 0;
|   ;
|   return 0;
| }
configure:4613: result: yes
configure:4624: checking for pid_t
configure:4624: gcc -c -g -O2  conftest.c >&5
configure:4624: $? = 0
configure:4624: gcc -c -g -O2  conftest.c >&5
conftest.c: In function 'main':
conftest.c:65:20: error: expected expression before ')' token
 if (sizeof ((pid_t)))
                    ^
configure:4624: $? = 1
configure: failed program was:
| /* confdefs.h */
| #define PACKAGE_NAME "fuse-tutorial"
| #define PACKAGE_TARNAME "fuse-tutorial"
| #define PACKAGE_VERSION "2018-02-04"
| #define PACKAGE_STRING "fuse-tutorial 2018-02-04"
| #define PACKAGE_BUGREPORT "joseph@pfeifferfamily.net"
| #define PACKAGE_URL ""
| #define PACKAGE "fuse-tutorial"
| #define VERSION "2018-02-04"
| #define STDC_HEADERS 1
| #define HAVE_SYS_TYPES_H 1
| #define HAVE_SYS_STAT_H 1
| #define HAVE_STDLIB_H 1
| #define HAVE_STRING_H 1
| #define HAVE_MEMORY_H 1
| #define HAVE_STRINGS_H 1
| #define HAVE_INTTYPES_H 1
| #define HAVE_STDINT_H 1
| #define HAVE_UNISTD_H 1
| #define HAVE_FCNTL_H 1
| #define HAVE_LIMITS_H 1
| #define HAVE_STDLIB_H 1
| #define HAVE_STRING_H 1
| #define HAVE_SYS_STATVFS_H 1
| #define HAVE_UNISTD_H 1
| #define HAVE_UTIME_H 1
| #define HAVE_SYS_XATTR_H 1
| /* end confdefs.h.  */
| #include <stdio.h>
| #ifdef HAVE_SYS_TYPES_H
| # include <sys/types.h>
| #endif
| #ifdef HAVE_SYS_STAT_H
| # include <sys/stat.h>
| #endif
| #ifdef STDC_HEADERS
| # include <stdlib.h>
| # include <stddef.h>
| #else
| # ifdef HAVE_STDLIB_H
| #  include <stdlib.h>
| # endif
| #endif
| #ifdef HAVE_STRING_H
| # if !defined STDC_HEADERS && defined HAVE_MEMORY_H
| #  include <memory.h>
| # endif
| # include <string.h>
| #endif
| #ifdef HAVE_STRINGS_H
| # include <strings.h>
| #endif
| #ifdef HAVE_INTTYPES_H
| # include <inttypes.h>
| #endif
| #ifdef HAVE_STDINT_H
| # include <stdint.h>
| #endif
| #ifdef HAVE_UNISTD_H
| # include <unistd.h>
| #endif
| int
| main ()
| {
| if (sizeof ((pid_t)))
| 	    return 0;
|   ;
|   return 0;
| }
configure:4624: result: yes
configure:4635: checking for size_t
configure:4635: gcc -c -g -O2  conftest.c >&5
configure:4635: $? = 0
configure:4635: gcc -c -g -O2  conftest.c >&5
conftest.c: In function 'main':
conftest.c:65:21: error: expected expression before ')' token
 if (sizeof ((size_t)))
                     ^
configure:4635: $? = 1
configure: failed program was:
| /* confdefs.h */
| #define PACKAGE_NAME "fuse-tutorial"
| #define PACKAGE_TARNAME "fuse-tutorial"
| #define PACKAGE_VERSION "2018-02-04"
| #define PACKAGE_STRING "fuse-tutorial 2018-02-04"
| #define PACKAGE_BUGREPORT "joseph@pfeifferfamily.net"
| #define PACKAGE_URL ""
| #define PACKAGE "fuse-tutorial"
| #define VERSION "2018-02-04"
| #define STDC_HEADERS 1
| #define HAVE_SYS_TYPES_H 1
| #define HAVE_SYS_STAT_H 1
| #define HAVE_STDLIB_H 1
| #define HAVE_STRING_H 1
| #define HAVE_MEMORY_H 1
| #define HAVE_STRINGS_H 1
| #define HAVE_INTTYPES_H 1
| #define HAVE_STDINT_H 1
| #define HAVE_UNISTD_H 1
| #define HAVE_FCNTL_H 1
| #define HAVE_LIMITS_H 1
| #define HAVE_STDLIB_H 1
| #define HAVE_STRING_H 1
| #define HAVE_SYS_STATVFS_H 1
| #define HAVE_UNISTD_H 1
| #define HAVE_UTIME_H 1
| #define HAVE_SYS_XATTR_H 1
| /* end confdefs.h.  */
| #include <stdio.h>
| #ifdef HAVE_SYS_TYPES_H
| # include <sys/types.h>
| #endif
| #ifdef HAVE_SYS_STAT_H
| # include <sys/stat.h>
| #endif
| #ifdef STDC_HEADERS
| # include <stdlib.h>
| # include <stddef.h>
| #else
| # ifdef HAVE_STDLIB_H
| #  include <stdlib.h>
| # endif
| #endif
| #ifdef HAVE_STRING_H
| # if !defined STDC_HEADERS && defined HAVE_MEMORY_H
| #  include <memory.h>
| # endif
| # include <string.h>
| #endif
| #ifdef HAVE_STRINGS_H
| # include <strings.h>
| #endif
| #ifdef HAVE_INTTYPES_H
| # include <inttypes.h>
| #endif
| #ifdef HAVE_STDINT_H
| # include <stdint.h>
| #endif
| #ifdef HAVE_UNISTD_H
| # include <unistd.h>
| #endif
| int
| main ()
| {
| if (sizeof ((size_t)))
| 	    return 0;
|   ;
|   return 0;
| }
configure:4635: result: yes
configure:4646: checking for struct stat.st_blksize
configure:4646: gcc -c -g -O2  conftest.c >&5
configure:4646: $? = 0
configure:4646: result: yes
configure:4656: checking for struct stat.st_blocks
configure:4656: gcc -c -g -O2  conftest.c >&5
configure:4656: $? = 0
configure:4656: result: yes
configure:4676: checking for struct stat.st_rdev
configure:4676: gcc -c -g -O2  conftest.c >&5
configure:4676: $? = 0
configure:4676: result: yes
configure:4686: checking for uint64_t
configure:4686: gcc -c -g -O2  conftest.c >&5
configure:4686: $? = 0
configure:4686: result: yes
configure:4704: checking for unistd.h
configure:4704: result: yes
configure:4714: checking for working chown
configure:4747: gcc -o conftest -g -O2   conftest.c  >&5
configure:4747: $? = 0
configure:4747: ./conftest
configure:4747: $? = 0
configure:4759: result: yes
configure:4767: checking whether lstat correctly handles trailing slash
configure:4793: gcc -o conftest -g -O2   conftest.c  >&5
configure:4793: $? = 0
configure:4793: ./conftest
configure:4793: $? = 0
configure:4810: result: yes
configure:4831: checking for stdlib.h
configure:4831: result: yes
configure:4841: checking for GNU libc compatible malloc
configure:4865: gcc -o conftest -g -O2   conftest.c  >&5
configure:4865: $? = 0
configure:4865: ./conftest
configure:4865: $? = 0
configure:4875: result: yes
configure:4899: checking for ftruncate
configure:4899: gcc -o conftest -g -O2   conftest.c  >&5
configure:4899: $? = 0
configure:4899: result: yes
configure:4899: checking for mkdir
configure:4899: gcc -o conftest -g -O2   conftest.c  >&5
configure:4899: $? = 0
configure:4899: result: yes
configure:4899: checking for mkfifo
configure:4899: gcc -o conftest -g -O2   conftest.c  >&5
configure:4899: $? = 0
configure:4899: result: yes
configure:4899: checking for realpath
configure:4899: gcc -o conftest -g -O2   conftest.c  >&5
configure:4899: $? = 0
configure:4899: result: yes
configure:4899: checking for rmdir
configure:4899: gcc -o conftest -g -O2   conftest.c  >&5
configure:4899: $? = 0
configure:4899: result: yes
configure:4899: checking for strerror
configure:4899: gcc -o conftest -g -O2   conftest.c  >&5
configure:4899: $? = 0
configure:4899: result: yes
configure:4899: checking for utime
configure:4899: gcc -o conftest -g -O2   conftest.c  >&5
configure:4899: $? = 0
configure:4899: result: yes
configure:4912: checking for fdatasync
configure:4912: gcc -o conftest -g -O2   conftest.c  >&5
configure:4912: $? = 0
configure:4912: result: yes
configure:5025: checking that generated files are newer than configure
configure:5031: result: done
configure:5054: creating ./config.status

## ---------------------- ##
## Running config.status. ##
## ---------------------- ##

This file was extended by fuse-tutorial config.status 2018-02-04, which was
generated by GNU Autoconf 2.69.  Invocation command line was

  CONFIG_FILES    = 
  CONFIG_HEADERS  = 
  CONFIG_LINKS    = 
  CONFIG_COMMANDS = 
  $ ./config.status 

on george-pc

config.status:880: creating Makefile
config.status:880: creating html/Makefile
config.status:880: creating src/Makefile
config.status:880: creating src/config.h
config.status:1061: src/config.h is unchanged
config.status:1109: executing depfiles commands
config.status:1186: cd src       && sed -e '/# am--include-marker/d' Makefile         | make -f - am--depfiles
config.status:1191: $? = 0

## ---------------- ##
## Cache variables. ##
## ---------------- ##

ac_cv_c_compiler_gnu=yes
ac_cv_c_uint64_t=yes
ac_cv_env_CC_set=
ac_cv_env_CC_value=
ac_cv_env_CFLAGS_set=
ac_cv_env_CFLAGS_value=
ac_cv_env_CPPFLAGS_set=
ac_cv_env_CPPFLAGS_value=
ac_cv_env_CPP_set=
ac_cv_env_CPP_value=
ac_cv_env_FUSE_CFLAGS_set=
ac_cv_env_FUSE_CFLAGS_value=
ac_cv_env_FUSE_LIBS_set=
ac_cv_env_FUSE_LIBS_value=
ac_cv_env_LDFLAGS_set=
ac_cv_env_LDFLAGS_value=
ac_cv_env_LIBS_set=
ac_cv_env_LIBS_value=
ac_cv_env_PKG_CONFIG_LIBDIR_set=
ac_cv_env_PKG_CONFIG_LIBDIR_value=
ac_cv_env_PKG_CONFIG_PATH_set=
ac_cv_env_PKG_CONFIG_PATH_value=
ac_cv_env_PKG_CONFIG_set=
ac_cv_env_PKG_CONFIG_value=
ac_cv_env_build_alias_set=
ac_cv_env_build_alias_value=
ac_cv_env_host_alias_set=
ac_cv_env_host_alias_value=
ac_cv_env_target_alias_set=
ac_cv_env_target_alias_value=
ac_cv_func_chown_works=yes
ac_cv_func_fdatasync=yes
ac_cv_func_ftruncate=yes
ac_cv_func_lstat_dereferences_slashed_symlink=yes
ac_cv_func_malloc_0_nonnull=yes
ac_cv_func_mkdir=yes
ac_cv_func_mkfifo=yes
ac_cv_func_realpath=yes
ac_cv_func_rmdir=yes
ac_cv_func_strerror=yes
ac_cv_func_utime=yes
ac_cv_header_fcntl_h=yes
ac_cv_header_inttypes_h=yes
ac_cv_header_limits_h=yes
ac_cv_header_memory_h=yes
ac_cv_header_stdc=yes
ac_cv_header_stdint_h=yes
ac_cv_header_stdlib_h=yes
ac_cv_header_string_h=yes
ac_cv_header_strings_h=yes
ac_cv_header_sys_stat_h=yes
ac_cv_header_sys_statvfs_h=yes
ac_cv_header_sys_types_h=yes
ac_cv_header_sys_xattr_h=yes
ac_cv_header_unistd_h=yes
ac_cv_header_utime_h=yes
ac_cv_member_struct_stat_st_blksize=yes
ac_cv_member_struct_stat_st_blocks=yes
ac_cv_member_struct_stat_st_rdev=yes
ac_cv_objext=o
ac_cv_path_EGREP='/usr/bin/grep -E'
ac_cv_path_GREP=/usr/bin/grep
ac_cv_path_ac_pt_PKG_CONFIG=/usr/bin/pkg-config
ac_cv_path_install='/usr/bin/install -c'
ac_cv_path_mkdir=/usr/bin/mkdir
ac_cv_prog_AWK=gawk
ac_cv_prog_CPP='gcc -E'
ac_cv_prog_ac_ct_CC=gcc
ac_cv_prog_cc_c89=
ac_cv_prog_cc_g=yes
ac_cv_prog_make_make_set=yes
ac_cv_type_mode_t=yes
ac_cv_type_off_t=yes
ac_cv_type_pid_t=yes
ac_cv_type_size_t=yes
ac_cv_type_uid_t=yes
am_cv_CC_dependencies_compiler_type=gcc3
am_cv_make_support_nested_variables=yes
am_cv_prog_cc_c_o=yes
pkg_cv_FUSE_CFLAGS='-I/usr/include/fuse -D_FILE_OFFSET_BITS=64 '
pkg_cv_FUSE_LIBS='-lfuse -pthread '

## ----------------- ##
## Output variables. ##
## ----------------- ##

ACLOCAL='${SHELL} /home/georgetg/Prog/uthos_lab4/cfs/missing aclocal-1.16'
AMDEPBACKSLASH='\'
AMDEP_FALSE='#'
AMDEP_TRUE=''
AMTAR='$${TAR-tar}'
AM_BACKSLASH='\'
AM_DEFAULT_V='$(AM_DEFAULT_VERBOSITY)'
AM_DEFAULT_VERBOSITY='1'
AM_V='$(V)'
AUTOCONF='${SHELL} /home/georgetg/Prog/uthos_lab4/cfs/missing autoconf'
AUTOHEADER='${SHELL} /home/georgetg/Prog/uthos_lab4/cfs/missing autoheader'
AUTOMAKE='${SHELL} /home/georgetg/Prog/uthos_lab4/cfs/missing automake-1.16'
AWK='gawk'
CC='gcc'
CCDEPMODE='depmode=gcc3'
CFLAGS='-g -O2'
CPP='gcc -E'
CPPFLAGS=''
CYGPATH_W='echo'
DEFS='-DHAVE_CONFIG_H'
DEPDIR='.deps'
ECHO_C=''
ECHO_N='-n'
ECHO_T=''
EGREP='/usr/bin/grep -E'
EXEEXT=''
FUSE_CFLAGS='-I/usr/include/fuse -D_FILE_OFFSET_BITS=64 '
FUSE_LIBS='-lfuse -pthread '
GREP='/usr/bin/grep'
INSTALL_DATA='${INSTALL} -m 644'
INSTALL_PROGRAM='${INSTALL}'
INSTALL_SCRIPT='${INSTALL}'
INSTALL_STRIP_PROGRAM='$(install_sh) -c -s'
LDFLAGS=''
LIBOBJS=''
LIBS=''
LTLIBOBJS=''
MAKEINFO='${SHELL} /home/georgetg/Prog/uthos_lab4/cfs/missing makeinfo'
MKDIR_P='/usr/bin/mkdir -p'
OBJEXT='o'
PACKAGE='fuse-tutorial'
PACKAGE_BUGREPORT='joseph@pfeifferfamily.net'
PACKAGE_NAME='fuse-tutorial'
PACKAGE_STRING='fuse-tutorial 2018-02-04'
PACKAGE_TARNAME='fuse-tutorial'
PACKAGE_URL=''
PACKAGE_VERSION='2018-02-04'
PATH_SEPARATOR=':'
PKG_CONFIG='/usr/bin/pkg-config'
PKG_CONFIG_LIBDIR=''
PKG_CONFIG_PATH=''
SET_MAKE=''
SHELL='/bin/sh'
STRIP=''
VERSION='2018-02-04'
ac_ct_CC='gcc'
am__EXEEXT_FALSE=''
am__EXEEXT_TRUE='#'
am__fastdepCC_FALSE='#'
am__fastdepCC_TRUE=''
am__include='include'
am__isrc=''
am__leading_dot='.'
am__nodep='_no'
am__quote=''
am__tar='$${TAR-tar} chof - "$$tardir"'
am__untar='$${TAR-tar} xf -'
bindir='${exec_prefix}/bin'
build_alias=''
datadir='${datarootdir}'
datarootdir='${prefix}/share'
docdir='${datarootdir}/doc/${PACKAGE_TARNAME}'
dvidir='${docdir}'
exec_prefix='${prefix}'
host_alias=''
htmldir='${docdir}'
includedir='${prefix}/include'
infodir='${datarootdir}/info'
install_sh='${SHELL} /home/georgetg/Prog/uthos_lab4/cfs/install-sh'
libdir='${exec_prefix}/lib'
libexecdir='${exec_prefix}/libexec'
localedir='${datarootdir}/locale'
localstatedir='${prefix}/var'
mandir='${datarootdir}/man'
mkdir_p='$(MKDIR_P)'
oldincludedir='/usr/include'
pdfdir='${docdir}'
prefix='/usr/local'
program_transform_name='s,x,x,'
psdir='${docdir}'
sbindir='${exec_prefix}/sbin'
sharedstatedir='${prefix}/com'
sysconfdir='${prefix}/etc'
target_alias=''

## ----------- ##
## confdefs.h. ##
## ----------- ##

/* confdefs.h */
#define PACKAGE_NAME "fuse-tutorial"
#define PACKAGE_TARNAME "fuse-tutorial"
#define PACKAGE_VERSION "2018-02-04"
#define PACKAGE_STRING "fuse-tutorial 2018-02-04"
#define PACKAGE_BUGREPORT "joseph@pfeifferfamily.net"
#define PACKAGE_URL ""
#define PACKAGE "fuse-tutorial"
#define VERSION "2018-02-04"
#define STDC_HEADERS 1
#define HAVE_SYS_TYPES_H 1
#define HAVE_SYS_STAT_H 1
#define HAVE_STDLIB_H 1
#define HAVE_STRING_H 1
#define HAVE_MEMORY_H 1
#define HAVE_STRINGS_H 1
#define HAVE_INTTYPES_H 1
#define HAVE_STDINT_H 1
#define HAVE_UNISTD_H 1
#define HAVE_FCNTL_H 1
#define HAVE_LIMITS_H 1
#define HAVE_STDLIB_H 1
#define HAVE_STRING_H 1
#define HAVE_SYS_STATVFS_H 1
#define HAVE_UNISTD_H 1
#define HAVE_UTIME_H 1
#define HAVE_SYS_XATTR_H 1
#define HAVE_STRUCT_STAT_ST_BLKSIZE 1
#define HAVE_STRUCT_STAT_ST_BLOCKS 1
#define HAVE_ST_BLOCKS 1
#define HAVE_STRUCT_STAT_ST_RDEV 1
#define HAVE_UNISTD_H 1
#define HAVE_CHOWN 1
#define LSTAT_FOLLOWS_SLASHED_SYMLINK 1
#define HAVE_STDLIB_H 1
#define HAVE_MALLOC 1
#define HAVE_FTRUNCATE 1
#define HAVE_MKDIR 1
#define HAVE_MKFIFO 1
#define HAVE_REALPATH 1
#define HAVE_RMDIR 1
#define HAVE_STRERROR 1
#define HAVE_UTIME 1
#define HAVE_FDATASYNC 1

configure: exit 0

## ---------------------- ##
## Running config.status. ##
## ---------------------- ##

This file was extended by fuse-tutorial config.status 2018-02-04, which was
generated by GNU Autoconf 2.69.  Invocation command line was

  CONFIG_FILES    = 
  CONFIG_HEADERS  = 
  CONFIG_LINKS    = 
  CONFIG_COMMANDS = 
  $ ./config.status src/Makefile depfiles

on george-pc

config.status:880: creating src/Makefile
config.status:1109: executing depfiles commands
config.status:1186: cd src       && sed -e '/# am--include-marker/d' Makefile         | make -f - am--depfiles
make[2]: Entering directory '/home/georgetg/Prog/uthos_lab4/cfs/src'
make[2]: Leaving directory '/home/georgetg/Prog/uthos_lab4/cfs/src'
config.status:1191: $? = 0

## ---------------------- ##
## Running config.status. ##
## ---------------------- ##

This file was extended by fuse-tutorial config.status 2018-02-04, which was
generated by GNU Autoconf 2.69.  Invocation command line was

  CONFIG_FILES    = 
  CONFIG_HEADERS  = 
  CONFIG_LINKS    = 
  CONFIG_COMMANDS = 
  $ ./config.status src/Makefile depfiles

on george-pc

config.status:880: creating src/Makefile
config.status:1109: executing depfiles commands
config.status:1186: cd src       && sed -e '/# am--include-marker/d' Makefile         | make -f - am--depfiles
make[2]: Entering directory '/home/georgetg/Prog/uthos_lab4/cfs/src'
make[2]: Leaving directory '/home/georgetg/Prog/uthos_lab4/cfs/src'
config.status:1191: $? = 0

## ---------------------- ##
## Running config.status. ##
## ---------------------- ##

This file was extended by fuse-tutorial config.status 2018-02-04, which was
generated by GNU Autoconf 2.69.  Invocation command line was

  CONFIG_FILES    = 
  CONFIG_HEADERS  = 
  CONFIG_LINKS    = 
  CONFIG_COMMANDS = 
  $ ./config.status src/Makefile depfiles

on george-pc

config.status:880: creating src/Makefile
config.status:1109: executing depfiles commands
config.status:1186: cd src       && sed -e '/# am--include-marker/d' Makefile         | make -f - am--depfiles
make[2]: Entering directory '/home/georgetg/Prog/uthos_lab4/cfs/src'
make[2]: Nothing to be done for 'am--depfiles'.
make[2]: Leaving directory '/home/georgetg/Prog/uthos_lab4/cfs/src'
config.status:1191: $? = 0
