
bb_init()
    conn:
    proto_major = 7
    proto_minor = 27
    async_read = 1
    max_write = 131072
    max_readahead = 131072
    capable = 00000ffb
    want = 00000010
    max_background = 0
    congestion_threshold = 0
    context:
    fuse = 3eecf7a0
    uid = 0
    gid = 0
    pid = 0
    private_data = 3eece260
    logfile = 3eecf290
    rootdir = /home/george/Prog/OS/lab4/fuse-tutorial-2018-02-04/src/root
    umask = 00000

bb_access(path="/", mask=04)
    bb_fullpath:  rootdir = "/home/george/Prog/OS/lab4/fuse-tutorial-2018-02-04/src/root", path = "/", fpath = "/home/george/Prog/OS/lab4/fuse-tutorial-2018-02-04/src/root/"

bb_getattr(path="/.Trash", statbuf=0xfa769c40)
    bb_fullpath:  rootdir = "/home/george/Prog/OS/lab4/fuse-tutorial-2018-02-04/src/root", path = "/.Trash", fpath = "/home/george/Prog/OS/lab4/fuse-tutorial-2018-02-04/src/root/.Trash"
    lstat returned -1
    ERROR lstat: No such file or directory
    si:
    st_dev = 0
    st_ino = 0
    st_mode = 00
    st_nlink = 0
    st_uid = 0
    st_gid = 0
    st_rdev = 0
    st_size = 0
    st_blksize = 0
    st_blocks = 0
    st_atime = 0x00000000
    st_mtime = 0x00000000
    st_ctime = 0x00000000

bb_getattr(path="/.Trash-1000", statbuf=0xfa769c40)
    bb_fullpath:  rootdir = "/home/george/Prog/OS/lab4/fuse-tutorial-2018-02-04/src/root", path = "/.Trash-1000", fpath = "/home/george/Prog/OS/lab4/fuse-tutorial-2018-02-04/src/root/.Trash-1000"
    lstat returned -1
    ERROR lstat: No such file or directory
    si:
    st_dev = 0
    st_ino = 0
    st_mode = 00
    st_nlink = 0
    st_uid = 0
    st_gid = 0
    st_rdev = 0
    st_size = 0
    st_blksize = 0
    st_blocks = 0
    st_atime = 0x00000000
    st_mtime = 0x00000000
    st_ctime = 0x00000000

bb_getattr(path="/", statbuf=0xf9f46c10)
    bb_fullpath:  rootdir = "/home/george/Prog/OS/lab4/fuse-tutorial-2018-02-04/src/root", path = "/", fpath = "/home/george/Prog/OS/lab4/fuse-tutorial-2018-02-04/src/root/"
    lstat returned 0
    si:
    st_dev = 2068
    st_ino = 161833
    st_mode = 040775
    st_nlink = 2
    st_uid = 1000
    st_gid = 1000
    st_rdev = 0
    st_size = 4096
    st_blksize = 4096
    st_blocks = 8
    st_atime = 0x5cd974ac
    st_mtime = 0x5cd974ac
    st_ctime = 0x5cd974ac

bb_getattr(path="/.xdg-volume-info", statbuf=0xfa769c40)
    bb_fullpath:  rootdir = "/home/george/Prog/OS/lab4/fuse-tutorial-2018-02-04/src/root", path = "/.xdg-volume-info", fpath = "/home/george/Prog/OS/lab4/fuse-tutorial-2018-02-04/src/root/.xdg-volume-info"
    lstat returned -1
    ERROR lstat: No such file or directory
    si:
    st_dev = 0
    st_ino = 0
    st_mode = 00
    st_nlink = 0
    st_uid = 0
    st_gid = 0
    st_rdev = 0
    st_size = 0
    st_blksize = 0
    st_blocks = 0
    st_atime = 0x00000000
    st_mtime = 0x00000000
    st_ctime = 0x00000000

bb_getattr(path="/autorun.inf", statbuf=0xf9f46c40)
    bb_fullpath:  rootdir = "/home/george/Prog/OS/lab4/fuse-tutorial-2018-02-04/src/root", path = "/autorun.inf", fpath = "/home/george/Prog/OS/lab4/fuse-tutorial-2018-02-04/src/root/autorun.inf"
    lstat returned -1
    ERROR lstat: No such file or directory
    si:
    st_dev = 0
    st_ino = 0
    st_mode = 00
    st_nlink = 0
    st_uid = 0
    st_gid = 0
    st_rdev = 0
    st_size = 0
    st_blksize = 0
    st_blocks = 0
    st_atime = 0x00000000
    st_mtime = 0x00000000
    st_ctime = 0x00000000

bb_opendir(path="/", fi=0xfa769c30)
    bb_fullpath:  rootdir = "/home/george/Prog/OS/lab4/fuse-tutorial-2018-02-04/src/root", path = "/", fpath = "/home/george/Prog/OS/lab4/fuse-tutorial-2018-02-04/src/root/"
    opendir returned 0x0x7f15f40021c0
    fi:
    flags = 0x00018800
    fh_old = 0x00000000
    writepage = 0
    direct_io = 0
    keep_cache = 0
    fh = 0x00007f15f40021c0
    lock_owner = 0x0000000000000000

bb_readdir(path="/", buf=0xf4002140, filler=0xfa9a8400, offset=0, fi=0xf9f46c30)
    readdir returned 0x0x7f15f40021f0
calling filler with name .
calling filler with name ..
    fi:
    flags = 0x00000000
    fh_old = 0x7f15f40021c0
    writepage = 0
    direct_io = 0
    keep_cache = 0
    fh = 0x00007f15f40021c0
    lock_owner = 0x0000000000000000

bb_releasedir(path="/", fi=0xf9f46c40)
    fi:
    flags = 0x00000000
    fh_old = 0x7f15f40021c0
    writepage = 0
    direct_io = 0
    keep_cache = 0
    fh = 0x00007f15f40021c0
    lock_owner = 0x0000000000000000

bb_opendir(path="/", fi=0xfa769c30)
    bb_fullpath:  rootdir = "/home/george/Prog/OS/lab4/fuse-tutorial-2018-02-04/src/root", path = "/", fpath = "/home/george/Prog/OS/lab4/fuse-tutorial-2018-02-04/src/root/"
    opendir returned 0x0x7f15f400a3f0
    fi:
    flags = 0x00018800
    fh_old = 0x00000000
    writepage = 0
    direct_io = 0
    keep_cache = 0
    fh = 0x00007f15f400a3f0
    lock_owner = 0x0000000000000000

bb_getattr(path="/", statbuf=0xf9723c10)
    bb_fullpath:  rootdir = "/home/george/Prog/OS/lab4/fuse-tutorial-2018-02-04/src/root", path = "/", fpath = "/home/george/Prog/OS/lab4/fuse-tutorial-2018-02-04/src/root/"
    lstat returned 0
    si:
    st_dev = 2068
    st_ino = 161833
    st_mode = 040775
    st_nlink = 2
    st_uid = 1000
    st_gid = 1000
    st_rdev = 0
    st_size = 4096
    st_blksize = 4096
    st_blocks = 8
    st_atime = 0x5cd974ac
    st_mtime = 0x5cd974ac
    st_ctime = 0x5cd974ac

bb_readdir(path="/", buf=0xf4002250, filler=0xfa9a8400, offset=0, fi=0xf9f46c30)
    readdir returned 0x0x7f15f400a420
calling filler with name .
calling filler with name ..
    fi:
    flags = 0x00000000
    fh_old = 0x7f15f400a3f0
    writepage = 0
    direct_io = 0
    keep_cache = 0
    fh = 0x00007f15f400a3f0
    lock_owner = 0x0000000000000000

bb_releasedir(path="/", fi=0xf9723c40)
    fi:
    flags = 0x00000000
    fh_old = 0x7f15f400a3f0
    writepage = 0
    direct_io = 0
    keep_cache = 0
    fh = 0x00007f15f400a3f0
    lock_owner = 0x0000000000000000

bb_opendir(path="/", fi=0xf9f46c30)
    bb_fullpath:  rootdir = "/home/george/Prog/OS/lab4/fuse-tutorial-2018-02-04/src/root", path = "/", fpath = "/home/george/Prog/OS/lab4/fuse-tutorial-2018-02-04/src/root/"
    opendir returned 0x0x7f15ec0013e0
    fi:
    flags = 0x00018800
    fh_old = 0x00000000
    writepage = 0
    direct_io = 0
    keep_cache = 0
    fh = 0x00007f15ec0013e0
    lock_owner = 0x0000000000000000

bb_getattr(path="/", statbuf=0xfa769c10)
    bb_fullpath:  rootdir = "/home/george/Prog/OS/lab4/fuse-tutorial-2018-02-04/src/root", path = "/", fpath = "/home/george/Prog/OS/lab4/fuse-tutorial-2018-02-04/src/root/"
    lstat returned 0
    si:
    st_dev = 2068
    st_ino = 161833
    st_mode = 040775
    st_nlink = 2
    st_uid = 1000
    st_gid = 1000
    st_rdev = 0
    st_size = 4096
    st_blksize = 4096
    st_blocks = 8
    st_atime = 0x5cd974ac
    st_mtime = 0x5cd974ac
    st_ctime = 0x5cd974ac

bb_readdir(path="/", buf=0xf4002140, filler=0xfa9a8400, offset=0, fi=0xf9723c30)
    readdir returned 0x0x7f15ec001410
calling filler with name .
calling filler with name ..
    fi:
    flags = 0x00000000
    fh_old = 0x7f15ec0013e0
    writepage = 0
    direct_io = 0
    keep_cache = 0
    fh = 0x00007f15ec0013e0
    lock_owner = 0x0000000000000000

bb_releasedir(path="/", fi=0xfa769c40)
    fi:
    flags = 0x00000000
    fh_old = 0x7f15ec0013e0
    writepage = 0
    direct_io = 0
    keep_cache = 0
    fh = 0x00007f15ec0013e0
    lock_owner = 0x0000000000000000

bb_opendir(path="/", fi=0xf9723c30)
    bb_fullpath:  rootdir = "/home/george/Prog/OS/lab4/fuse-tutorial-2018-02-04/src/root", path = "/", fpath = "/home/george/Prog/OS/lab4/fuse-tutorial-2018-02-04/src/root/"
    opendir returned 0x0x7f15f0000eb0
    fi:
    flags = 0x00018800
    fh_old = 0x00000000
    writepage = 0
    direct_io = 0
    keep_cache = 0
    fh = 0x00007f15f0000eb0
    lock_owner = 0x0000000000000000

bb_getattr(path="/", statbuf=0xf9f46c10)
    bb_fullpath:  rootdir = "/home/george/Prog/OS/lab4/fuse-tutorial-2018-02-04/src/root", path = "/", fpath = "/home/george/Prog/OS/lab4/fuse-tutorial-2018-02-04/src/root/"
    lstat returned 0
    si:
    st_dev = 2068
    st_ino = 161833
    st_mode = 040775
    st_nlink = 2
    st_uid = 1000
    st_gid = 1000
    st_rdev = 0
    st_size = 4096
    st_blksize = 4096
    st_blocks = 8
    st_atime = 0x5cd974ac
    st_mtime = 0x5cd974ac
    st_ctime = 0x5cd974ac

bb_readdir(path="/", buf=0xf4002250, filler=0xfa9a8400, offset=0, fi=0xfa769c30)
    readdir returned 0x0x7f15f0000ee0
calling filler with name .
calling filler with name ..
    fi:
    flags = 0x00000000
    fh_old = 0x7f15f0000eb0
    writepage = 0
    direct_io = 0
    keep_cache = 0
    fh = 0x00007f15f0000eb0
    lock_owner = 0x0000000000000000

bb_releasedir(path="/", fi=0xf9f46c40)
    fi:
    flags = 0x00000000
    fh_old = 0x7f15f0000eb0
    writepage = 0
    direct_io = 0
    keep_cache = 0
    fh = 0x00007f15f0000eb0
    lock_owner = 0x0000000000000000

bb_opendir(path="/", fi=0xfa769c30)
    bb_fullpath:  rootdir = "/home/george/Prog/OS/lab4/fuse-tutorial-2018-02-04/src/root", path = "/", fpath = "/home/george/Prog/OS/lab4/fuse-tutorial-2018-02-04/src/root/"
    opendir returned 0x0x7f15f400a3f0
    fi:
    flags = 0x00018800
    fh_old = 0x00000000
    writepage = 0
    direct_io = 0
    keep_cache = 0
    fh = 0x00007f15f400a3f0
    lock_owner = 0x0000000000000000

bb_getattr(path="/", statbuf=0xf9723c10)
    bb_fullpath:  rootdir = "/home/george/Prog/OS/lab4/fuse-tutorial-2018-02-04/src/root", path = "/", fpath = "/home/george/Prog/OS/lab4/fuse-tutorial-2018-02-04/src/root/"
    lstat returned 0
    si:
    st_dev = 2068
    st_ino = 161833
    st_mode = 040775
    st_nlink = 2
    st_uid = 1000
    st_gid = 1000
    st_rdev = 0
    st_size = 4096
    st_blksize = 4096
    st_blocks = 8
    st_atime = 0x5cd974ac
    st_mtime = 0x5cd974ac
    st_ctime = 0x5cd974ac

bb_readdir(path="/", buf=0xf4002140, filler=0xfa9a8400, offset=0, fi=0xf9f46c30)
    readdir returned 0x0x7f15f400a420
calling filler with name .
calling filler with name ..
    fi:
    flags = 0x00000000
    fh_old = 0x7f15f400a3f0
    writepage = 0
    direct_io = 0
    keep_cache = 0
    fh = 0x00007f15f400a3f0
    lock_owner = 0x0000000000000000

bb_releasedir(path="/", fi=0xf9723c40)
    fi:
    flags = 0x00000000
    fh_old = 0x7f15f400a3f0
    writepage = 0
    direct_io = 0
    keep_cache = 0
    fh = 0x00007f15f400a3f0
    lock_owner = 0x0000000000000000

bb_opendir(path="/", fi=0xf9f46c30)
    bb_fullpath:  rootdir = "/home/george/Prog/OS/lab4/fuse-tutorial-2018-02-04/src/root", path = "/", fpath = "/home/george/Prog/OS/lab4/fuse-tutorial-2018-02-04/src/root/"
    opendir returned 0x0x7f15ec0094b0
    fi:
    flags = 0x00018800
    fh_old = 0x00000000
    writepage = 0
    direct_io = 0
    keep_cache = 0
    fh = 0x00007f15ec0094b0
    lock_owner = 0x0000000000000000

bb_getattr(path="/", statbuf=0xfa769c10)
    bb_fullpath:  rootdir = "/home/george/Prog/OS/lab4/fuse-tutorial-2018-02-04/src/root", path = "/", fpath = "/home/george/Prog/OS/lab4/fuse-tutorial-2018-02-04/src/root/"
    lstat returned 0
    si:
    st_dev = 2068
    st_ino = 161833
    st_mode = 040775
    st_nlink = 2
    st_uid = 1000
    st_gid = 1000
    st_rdev = 0
    st_size = 4096
    st_blksize = 4096
    st_blocks = 8
    st_atime = 0x5cd974ac
    st_mtime = 0x5cd974ac
    st_ctime = 0x5cd974ac

bb_readdir(path="/", buf=0xf4002250, filler=0xfa9a8400, offset=0, fi=0xf9723c30)
    readdir returned 0x0x7f15ec0094e0
calling filler with name .
calling filler with name ..
    fi:
    flags = 0x00000000
    fh_old = 0x7f15ec0094b0
    writepage = 0
    direct_io = 0
    keep_cache = 0
    fh = 0x00007f15ec0094b0
    lock_owner = 0x0000000000000000

bb_releasedir(path="/", fi=0xfa769c40)
    fi:
    flags = 0x00000000
    fh_old = 0x7f15ec0094b0
    writepage = 0
    direct_io = 0
    keep_cache = 0
    fh = 0x00007f15ec0094b0
    lock_owner = 0x0000000000000000

bb_opendir(path="/", fi=0xf9723c30)
    bb_fullpath:  rootdir = "/home/george/Prog/OS/lab4/fuse-tutorial-2018-02-04/src/root", path = "/", fpath = "/home/george/Prog/OS/lab4/fuse-tutorial-2018-02-04/src/root/"
    opendir returned 0x0x7f15f0008f80
    fi:
    flags = 0x00018800
    fh_old = 0x00000000
    writepage = 0
    direct_io = 0
    keep_cache = 0
    fh = 0x00007f15f0008f80
    lock_owner = 0x0000000000000000

bb_getattr(path="/", statbuf=0xf9f46c10)
    bb_fullpath:  rootdir = "/home/george/Prog/OS/lab4/fuse-tutorial-2018-02-04/src/root", path = "/", fpath = "/home/george/Prog/OS/lab4/fuse-tutorial-2018-02-04/src/root/"
    lstat returned 0
    si:
    st_dev = 2068
    st_ino = 161833
    st_mode = 040775
    st_nlink = 2
    st_uid = 1000
    st_gid = 1000
    st_rdev = 0
    st_size = 4096
    st_blksize = 4096
    st_blocks = 8
    st_atime = 0x5cd974ac
    st_mtime = 0x5cd974ac
    st_ctime = 0x5cd974ac

bb_readdir(path="/", buf=0xf4002140, filler=0xfa9a8400, offset=0, fi=0xfa769c30)
    readdir returned 0x0x7f15f0008fb0
calling filler with name .
calling filler with name ..
    fi:
    flags = 0x00000000
    fh_old = 0x7f15f0008f80
    writepage = 0
    direct_io = 0
    keep_cache = 0
    fh = 0x00007f15f0008f80
    lock_owner = 0x0000000000000000

bb_releasedir(path="/", fi=0xf9f46c40)
    fi:
    flags = 0x00000000
    fh_old = 0x7f15f0008f80
    writepage = 0
    direct_io = 0
    keep_cache = 0
    fh = 0x00007f15f0008f80
    lock_owner = 0x0000000000000000

bb_opendir(path="/", fi=0xfa769c30)
    bb_fullpath:  rootdir = "/home/george/Prog/OS/lab4/fuse-tutorial-2018-02-04/src/root", path = "/", fpath = "/home/george/Prog/OS/lab4/fuse-tutorial-2018-02-04/src/root/"
    opendir returned 0x0x7f15f400a3f0
    fi:
    flags = 0x00018800
    fh_old = 0x00000000
    writepage = 0
    direct_io = 0
    keep_cache = 0
    fh = 0x00007f15f400a3f0
    lock_owner = 0x0000000000000000

bb_getattr(path="/", statbuf=0xf9723c10)
    bb_fullpath:  rootdir = "/home/george/Prog/OS/lab4/fuse-tutorial-2018-02-04/src/root", path = "/", fpath = "/home/george/Prog/OS/lab4/fuse-tutorial-2018-02-04/src/root/"
    lstat returned 0
    si:
    st_dev = 2068
    st_ino = 161833
    st_mode = 040775
    st_nlink = 2
    st_uid = 1000
    st_gid = 1000
    st_rdev = 0
    st_size = 4096
    st_blksize = 4096
    st_blocks = 8
    st_atime = 0x5cd974ac
    st_mtime = 0x5cd974ac
    st_ctime = 0x5cd974ac

bb_readdir(path="/", buf=0xf4002250, filler=0xfa9a8400, offset=0, fi=0xf9f46c30)
    readdir returned 0x0x7f15f400a420
calling filler with name .
calling filler with name ..
    fi:
    flags = 0x00000000
    fh_old = 0x7f15f400a3f0
    writepage = 0
    direct_io = 0
    keep_cache = 0
    fh = 0x00007f15f400a3f0
    lock_owner = 0x0000000000000000

bb_releasedir(path="/", fi=0xf9723c40)
    fi:
    flags = 0x00000000
    fh_old = 0x7f15f400a3f0
    writepage = 0
    direct_io = 0
    keep_cache = 0
    fh = 0x00007f15f400a3f0
    lock_owner = 0x0000000000000000

bb_opendir(path="/", fi=0xf9f46c30)
    bb_fullpath:  rootdir = "/home/george/Prog/OS/lab4/fuse-tutorial-2018-02-04/src/root", path = "/", fpath = "/home/george/Prog/OS/lab4/fuse-tutorial-2018-02-04/src/root/"
    opendir returned 0x0x7f15ec0094b0
    fi:
    flags = 0x00018800
    fh_old = 0x00000000
    writepage = 0
    direct_io = 0
    keep_cache = 0
    fh = 0x00007f15ec0094b0
    lock_owner = 0x0000000000000000

bb_getattr(path="/", statbuf=0xfa769c10)
    bb_fullpath:  rootdir = "/home/george/Prog/OS/lab4/fuse-tutorial-2018-02-04/src/root", path = "/", fpath = "/home/george/Prog/OS/lab4/fuse-tutorial-2018-02-04/src/root/"
    lstat returned 0
    si:
    st_dev = 2068
    st_ino = 161833
    st_mode = 040775
    st_nlink = 2
    st_uid = 1000
    st_gid = 1000
    st_rdev = 0
    st_size = 4096
    st_blksize = 4096
    st_blocks = 8
    st_atime = 0x5cd974ac
    st_mtime = 0x5cd974ac
    st_ctime = 0x5cd974ac

bb_readdir(path="/", buf=0xf4002140, filler=0xfa9a8400, offset=0, fi=0xf9723c30)
    readdir returned 0x0x7f15ec0094e0
calling filler with name .
calling filler with name ..
    fi:
    flags = 0x00000000
    fh_old = 0x7f15ec0094b0
    writepage = 0
    direct_io = 0
    keep_cache = 0
    fh = 0x00007f15ec0094b0
    lock_owner = 0x0000000000000000

bb_releasedir(path="/", fi=0xfa769c40)
    fi:
    flags = 0x00000000
    fh_old = 0x7f15ec0094b0
    writepage = 0
    direct_io = 0
    keep_cache = 0
    fh = 0x00007f15ec0094b0
    lock_owner = 0x0000000000000000

bb_opendir(path="/", fi=0xf9723c30)
    bb_fullpath:  rootdir = "/home/george/Prog/OS/lab4/fuse-tutorial-2018-02-04/src/root", path = "/", fpath = "/home/george/Prog/OS/lab4/fuse-tutorial-2018-02-04/src/root/"
    opendir returned 0x0x7f15f0008f80
    fi:
    flags = 0x00018800
    fh_old = 0x00000000
    writepage = 0
    direct_io = 0
    keep_cache = 0
    fh = 0x00007f15f0008f80
    lock_owner = 0x0000000000000000

bb_getattr(path="/", statbuf=0xf9f46c10)
    bb_fullpath:  rootdir = "/home/george/Prog/OS/lab4/fuse-tutorial-2018-02-04/src/root", path = "/", fpath = "/home/george/Prog/OS/lab4/fuse-tutorial-2018-02-04/src/root/"
    lstat returned 0
    si:
    st_dev = 2068
    st_ino = 161833
    st_mode = 040775
    st_nlink = 2
    st_uid = 1000
    st_gid = 1000
    st_rdev = 0
    st_size = 4096
    st_blksize = 4096
    st_blocks = 8
    st_atime = 0x5cd974ac
    st_mtime = 0x5cd974ac
    st_ctime = 0x5cd974ac

bb_readdir(path="/", buf=0xf4002250, filler=0xfa9a8400, offset=0, fi=0xfa769c30)
    readdir returned 0x0x7f15f0008fb0
calling filler with name .
calling filler with name ..
    fi:
    flags = 0x00000000
    fh_old = 0x7f15f0008f80
    writepage = 0
    direct_io = 0
    keep_cache = 0
    fh = 0x00007f15f0008f80
    lock_owner = 0x0000000000000000

bb_releasedir(path="/", fi=0xf9f46c40)
    fi:
    flags = 0x00000000
    fh_old = 0x7f15f0008f80
    writepage = 0
    direct_io = 0
    keep_cache = 0
    fh = 0x00007f15f0008f80
    lock_owner = 0x0000000000000000

bb_opendir(path="/", fi=0xfa769c30)
    bb_fullpath:  rootdir = "/home/george/Prog/OS/lab4/fuse-tutorial-2018-02-04/src/root", path = "/", fpath = "/home/george/Prog/OS/lab4/fuse-tutorial-2018-02-04/src/root/"
    opendir returned 0x0x7f15f400a3f0
    fi:
    flags = 0x00018800
    fh_old = 0x00000000
    writepage = 0
    direct_io = 0
    keep_cache = 0
    fh = 0x00007f15f400a3f0
    lock_owner = 0x0000000000000000

bb_getattr(path="/", statbuf=0xf9723c10)
    bb_fullpath:  rootdir = "/home/george/Prog/OS/lab4/fuse-tutorial-2018-02-04/src/root", path = "/", fpath = "/home/george/Prog/OS/lab4/fuse-tutorial-2018-02-04/src/root/"
    lstat returned 0
    si:
    st_dev = 2068
    st_ino = 161833
    st_mode = 040775
    st_nlink = 2
    st_uid = 1000
    st_gid = 1000
    st_rdev = 0
    st_size = 4096
    st_blksize = 4096
    st_blocks = 8
    st_atime = 0x5cd974ac
    st_mtime = 0x5cd974ac
    st_ctime = 0x5cd974ac

bb_readdir(path="/", buf=0xf4002140, filler=0xfa9a8400, offset=0, fi=0xf9f46c30)
    readdir returned 0x0x7f15f400a420
calling filler with name .
calling filler with name ..
    fi:
    flags = 0x00000000
    fh_old = 0x7f15f400a3f0
    writepage = 0
    direct_io = 0
    keep_cache = 0
    fh = 0x00007f15f400a3f0
    lock_owner = 0x0000000000000000

bb_releasedir(path="/", fi=0xf9723c40)
    fi:
    flags = 0x00000000
    fh_old = 0x7f15f400a3f0
    writepage = 0
    direct_io = 0

bb_opendir(path="/", fi=0xf9f46c30)
    bb_fullpath:  rootdir = "/home/george/Prog/OS/lab4/fuse-tutorial-2018-02-04/src/root", path = "/", fpath = "/home/george/Prog/OS/lab4/fuse-tutorial-2018-02-04/src/root/"
    keep_cache = 0
    opendir returned 0x0x7f15ec0094b0
    fi:
    flags = 0x00018800
    fh_old = 0x00000000
    writepage = 0
    direct_io = 0
    keep_cache = 0
    fh = 0x00007f15ec0094b0
    lock_owner = 0x0000000000000000
    fh = 0x00007f15f400a3f0
    lock_owner = 0x0000000000000000

bb_getattr(path="/", statbuf=0xfa769c10)
    bb_fullpath:  rootdir = "/home/george/Prog/OS/lab4/fuse-tutorial-2018-02-04/src/root", path = "/", fpath = "/home/george/Prog/OS/lab4/fuse-tutorial-2018-02-04/src/root/"
    lstat returned 0
    si:
    st_dev = 2068
    st_ino = 161833
    st_mode = 040775
    st_nlink = 2
    st_uid = 1000
    st_gid = 1000
    st_rdev = 0
    st_size = 4096
    st_blksize = 4096
    st_blocks = 8
    st_atime = 0x5cd974ac
    st_mtime = 0x5cd974ac
    st_ctime = 0x5cd974ac

bb_readdir(path="/", buf=0xf4002250, filler=0xfa9a8400, offset=0, fi=0xf9f46c30)
    readdir returned 0x0x7f15ec0094e0
calling filler with name .
calling filler with name ..
    fi:
    flags = 0x00000000
    fh_old = 0x7f15ec0094b0
    writepage = 0
    direct_io = 0
    keep_cache = 0
    fh = 0x00007f15ec0094b0
    lock_owner = 0x0000000000000000

bb_releasedir(path="/", fi=0xfa769c40)
    fi:
    flags = 0x00000000
    fh_old = 0x7f15ec0094b0

bb_opendir(path="/", fi=0xf9f46c30)
    bb_fullpath:  rootdir = "/home/george/Prog/OS/lab4/fuse-tutorial-2018-02-04/src/root", path = "/", fpath = "/home/george/Prog/OS/lab4/fuse-tutorial-2018-02-04/src/root/"
    writepage = 0
    direct_io = 0
    keep_cache = 0
    opendir returned 0x0x7f15ec0114f0
    fi:
    flags = 0x00018800
    fh_old = 0x00000000
    writepage = 0
    direct_io = 0
    keep_cache = 0
    fh = 0x00007f15ec0114f0
    lock_owner = 0x0000000000000000
    fh = 0x00007f15ec0094b0
    lock_owner = 0x0000000000000000

bb_getattr(path="/", statbuf=0xf9723c10)
    bb_fullpath:  rootdir = "/home/george/Prog/OS/lab4/fuse-tutorial-2018-02-04/src/root", path = "/", fpath = "/home/george/Prog/OS/lab4/fuse-tutorial-2018-02-04/src/root/"
    lstat returned 0
    si:
    st_dev = 2068
    st_ino = 161833
    st_mode = 040775
    st_nlink = 2
    st_uid = 1000
    st_gid = 1000
    st_rdev = 0
    st_size = 4096
    st_blksize = 4096
    st_blocks = 8
    st_atime = 0x5cd974ac
    st_mtime = 0x5cd974ac
    st_ctime = 0x5cd974ac

bb_readdir(path="/", buf=0xec001880, filler=0xfa9a8400, offset=0, fi=0xf9f46c30)
    readdir returned 0x0x7f15ec011520
calling filler with name .
calling filler with name ..
    fi:
    flags = 0x00000000
    fh_old = 0x7f15ec0114f0
    writepage = 0
    direct_io = 0
    keep_cache = 0
    fh = 0x00007f15ec0114f0
    lock_owner = 0x0000000000000000

bb_releasedir(path="/", fi=0xf9723c40)
    fi:
    flags = 0x00000000
    fh_old = 0x7f15ec0114f0
    writepage = 0
    direct_io = 0
    keep_cache = 0
    fh = 0x00007f15ec0114f0
    lock_owner = 0x0000000000000000

bb_opendir(path="/", fi=0xf9f46c30)
    bb_fullpath:  rootdir = "/home/george/Prog/OS/lab4/fuse-tutorial-2018-02-04/src/root", path = "/", fpath = "/home/george/Prog/OS/lab4/fuse-tutorial-2018-02-04/src/root/"
    opendir returned 0x0x7f15ec0094b0
    fi:
    flags = 0x00018800
    fh_old = 0x00000000
    writepage = 0
    direct_io = 0
    keep_cache = 0
    fh = 0x00007f15ec0094b0
    lock_owner = 0x0000000000000000

bb_getattr(path="/", statbuf=0xfa769c10)
    bb_fullpath:  rootdir = "/home/george/Prog/OS/lab4/fuse-tutorial-2018-02-04/src/root", path = "/", fpath = "/home/george/Prog/OS/lab4/fuse-tutorial-2018-02-04/src/root/"
    lstat returned 0
    si:
    st_dev = 2068
    st_ino = 161833
    st_mode = 040775
    st_nlink = 2
    st_uid = 1000
    st_gid = 1000
    st_rdev = 0
    st_size = 4096
    st_blksize = 4096
    st_blocks = 8
    st_atime = 0x5cd974ac
    st_mtime = 0x5cd974ac
    st_ctime = 0x5cd974ac

bb_readdir(path="/", buf=0xec001d10, filler=0xfa9a8400, offset=0, fi=0xf9723c30)
    readdir returned 0x0x7f15ec0094e0
calling filler with name .
calling filler with name ..
    fi:
    flags = 0x00000000
    fh_old = 0x7f15ec0094b0
    writepage = 0
    direct_io = 0
    keep_cache = 0
    fh = 0x00007f15ec0094b0
    lock_owner = 0x0000000000000000

bb_releasedir(path="/", fi=0xfa769c40)
    fi:
    flags = 0x00000000
    fh_old = 0x7f15ec0094b0
    writepage = 0
    direct_io = 0
    keep_cache = 0
    fh = 0x00007f15ec0094b0
    lock_owner = 0x0000000000000000

bb_opendir(path="/", fi=0xf9723c30)
    bb_fullpath:  rootdir = "/home/george/Prog/OS/lab4/fuse-tutorial-2018-02-04/src/root", path = "/", fpath = "/home/george/Prog/OS/lab4/fuse-tutorial-2018-02-04/src/root/"
    opendir returned 0x0x7f15f0008f80
    fi:
    flags = 0x00018800
    fh_old = 0x00000000
    writepage = 0
    direct_io = 0
    keep_cache = 0
    fh = 0x00007f15f0008f80
    lock_owner = 0x0000000000000000

bb_getattr(path="/", statbuf=0xf9f46c10)
    bb_fullpath:  rootdir = "/home/george/Prog/OS/lab4/fuse-tutorial-2018-02-04/src/root", path = "/", fpath = "/home/george/Prog/OS/lab4/fuse-tutorial-2018-02-04/src/root/"
    lstat returned 0
    si:
    st_dev = 2068
    st_ino = 161833
    st_mode = 040775
    st_nlink = 2
    st_uid = 1000
    st_gid = 1000
    st_rdev = 0
    st_size = 4096
    st_blksize = 4096
    st_blocks = 8
    st_atime = 0x5cd974ac
    st_mtime = 0x5cd974ac
    st_ctime = 0x5cd974ac

bb_readdir(path="/", buf=0xec001880, filler=0xfa9a8400, offset=0, fi=0xfa769c30)
    readdir returned 0x0x7f15f0008fb0
calling filler with name .
calling filler with name ..
    fi:
    flags = 0x00000000
    fh_old = 0x7f15f0008f80
    writepage = 0
    direct_io = 0
    keep_cache = 0
    fh = 0x00007f15f0008f80
    lock_owner = 0x0000000000000000

bb_releasedir(path="/", fi=0xf9f46c40)
    fi:
    flags = 0x00000000
    fh_old = 0x7f15f0008f80
    writepage = 0
    direct_io = 0
    keep_cache = 0
    fh = 0x00007f15f0008f80
    lock_owner = 0x0000000000000000

bb_opendir(path="/", fi=0xfa769c30)
    bb_fullpath:  rootdir = "/home/george/Prog/OS/lab4/fuse-tutorial-2018-02-04/src/root", path = "/", fpath = "/home/george/Prog/OS/lab4/fuse-tutorial-2018-02-04/src/root/"
    opendir returned 0x0x7f15f400a3f0
    fi:
    flags = 0x00018800
    fh_old = 0x00000000
    writepage = 0
    direct_io = 0
    keep_cache = 0
    fh = 0x00007f15f400a3f0
    lock_owner = 0x0000000000000000

bb_getattr(path="/", statbuf=0xf9723c10)
    bb_fullpath:  rootdir = "/home/george/Prog/OS/lab4/fuse-tutorial-2018-02-04/src/root", path = "/", fpath = "/home/george/Prog/OS/lab4/fuse-tutorial-2018-02-04/src/root/"
    lstat returned 0
    si:
    st_dev = 2068
    st_ino = 161833
    st_mode = 040775
    st_nlink = 2
    st_uid = 1000
    st_gid = 1000
    st_rdev = 0
    st_size = 4096
    st_blksize = 4096
    st_blocks = 8
    st_atime = 0x5cd974ac
    st_mtime = 0x5cd974ac
    st_ctime = 0x5cd974ac

bb_readdir(path="/", buf=0xec001d10, filler=0xfa9a8400, offset=0, fi=0xf9f46c30)
    readdir returned 0x0x7f15f400a420
calling filler with name .
calling filler with name ..
    fi:
    flags = 0x00000000
    fh_old = 0x7f15f400a3f0
    writepage = 0
    direct_io = 0
    keep_cache = 0
    fh = 0x00007f15f400a3f0
    lock_owner = 0x0000000000000000

bb_releasedir(path="/", fi=0xf9723c40)
    fi:
    flags = 0x00000000
    fh_old = 0x7f15f400a3f0
    writepage = 0
    direct_io = 0
    keep_cache = 0
    fh = 0x00007f15f400a3f0
    lock_owner = 0x0000000000000000

bb_opendir(path="/", fi=0xf9f46c30)
    bb_fullpath:  rootdir = "/home/george/Prog/OS/lab4/fuse-tutorial-2018-02-04/src/root", path = "/", fpath = "/home/george/Prog/OS/lab4/fuse-tutorial-2018-02-04/src/root/"
    opendir returned 0x0x7f15ec0094b0
    fi:
    flags = 0x00018800
    fh_old = 0x00000000
    writepage = 0
    direct_io = 0
    keep_cache = 0
    fh = 0x00007f15ec0094b0
    lock_owner = 0x0000000000000000

bb_getattr(path="/", statbuf=0xfa769c10)
    bb_fullpath:  rootdir = "/home/george/Prog/OS/lab4/fuse-tutorial-2018-02-04/src/root", path = "/", fpath = "/home/george/Prog/OS/lab4/fuse-tutorial-2018-02-04/src/root/"
    lstat returned 0
    si:
    st_dev = 2068
    st_ino = 161833
    st_mode = 040775
    st_nlink = 2
    st_uid = 1000
    st_gid = 1000
    st_rdev = 0
    st_size = 4096
    st_blksize = 4096
    st_blocks = 8
    st_atime = 0x5cd974ac
    st_mtime = 0x5cd974ac
    st_ctime = 0x5cd974ac

bb_readdir(path="/", buf=0xec001880, filler=0xfa9a8400, offset=0, fi=0xf9723c30)
    readdir returned 0x0x7f15ec0094e0
calling filler with name .
calling filler with name ..
    fi:
    flags = 0x00000000
    fh_old = 0x7f15ec0094b0
    writepage = 0
    direct_io = 0
    keep_cache = 0
    fh = 0x00007f15ec0094b0
    lock_owner = 0x0000000000000000

bb_releasedir(path="/", fi=0xfa769c40)
    fi:
    flags = 0x00000000
    fh_old = 0x7f15ec0094b0
    writepage = 0
    direct_io = 0
    keep_cache = 0
    fh = 0x00007f15ec0094b0
    lock_owner = 0x0000000000000000

bb_opendir(path="/", fi=0xf9723c30)
    bb_fullpath:  rootdir = "/home/george/Prog/OS/lab4/fuse-tutorial-2018-02-04/src/root", path = "/", fpath = "/home/george/Prog/OS/lab4/fuse-tutorial-2018-02-04/src/root/"
    opendir returned 0x0x7f15f0008f80
    fi:
    flags = 0x00018800
    fh_old = 0x00000000
    writepage = 0
    direct_io = 0
    keep_cache = 0
    fh = 0x00007f15f0008f80
    lock_owner = 0x0000000000000000

bb_getattr(path="/", statbuf=0xf9f46c10)
    bb_fullpath:  rootdir = "/home/george/Prog/OS/lab4/fuse-tutorial-2018-02-04/src/root", path = "/", fpath = "/home/george/Prog/OS/lab4/fuse-tutorial-2018-02-04/src/root/"
    lstat returned 0
    si:
    st_dev = 2068
    st_ino = 161833
    st_mode = 040775
    st_nlink = 2
    st_uid = 1000
    st_gid = 1000
    st_rdev = 0
    st_size = 4096
    st_blksize = 4096
    st_blocks = 8
    st_atime = 0x5cd974ac
    st_mtime = 0x5cd974ac
    st_ctime = 0x5cd974ac

bb_readdir(path="/", buf=0xec001d10, filler=0xfa9a8400, offset=0, fi=0xfa769c30)
    readdir returned 0x0x7f15f0008fb0
calling filler with name .
calling filler with name ..
    fi:
    flags = 0x00000000
    fh_old = 0x7f15f0008f80
    writepage = 0
    direct_io = 0
    keep_cache = 0
    fh = 0x00007f15f0008f80
    lock_owner = 0x0000000000000000

bb_releasedir(path="/", fi=0xf9f46c40)
    fi:
    flags = 0x00000000
    fh_old = 0x7f15f0008f80
    writepage = 0
    direct_io = 0
    keep_cache = 0
    fh = 0x00007f15f0008f80
    lock_owner = 0x0000000000000000

bb_opendir(path="/", fi=0xfa769c30)
    bb_fullpath:  rootdir = "/home/george/Prog/OS/lab4/fuse-tutorial-2018-02-04/src/root", path = "/", fpath = "/home/george/Prog/OS/lab4/fuse-tutorial-2018-02-04/src/root/"
    opendir returned 0x0x7f15f400a3f0
    fi:
    flags = 0x00018800
    fh_old = 0x00000000
    writepage = 0
    direct_io = 0
    keep_cache = 0
    fh = 0x00007f15f400a3f0
    lock_owner = 0x0000000000000000

bb_getattr(path="/", statbuf=0xf9723c10)
    bb_fullpath:  rootdir = "/home/george/Prog/OS/lab4/fuse-tutorial-2018-02-04/src/root", path = "/", fpath = "/home/george/Prog/OS/lab4/fuse-tutorial-2018-02-04/src/root/"
    lstat returned 0
    si:
    st_dev = 2068
    st_ino = 161833
    st_mode = 040775
    st_nlink = 2
    st_uid = 1000
    st_gid = 1000
    st_rdev = 0
    st_size = 4096
    st_blksize = 4096
    st_blocks = 8
    st_atime = 0x5cd974ac
    st_mtime = 0x5cd974ac
    st_ctime = 0x5cd974ac

bb_readdir(path="/", buf=0xec001880, filler=0xfa9a8400, offset=0, fi=0xf9f46c30)
    readdir returned 0x0x7f15f400a420
calling filler with name .
calling filler with name ..
    fi:
    flags = 0x00000000
    fh_old = 0x7f15f400a3f0
    writepage = 0
    direct_io = 0
    keep_cache = 0
    fh = 0x00007f15f400a3f0
    lock_owner = 0x0000000000000000

bb_releasedir(path="/", fi=0xf9723c40)
    fi:
    flags = 0x00000000
    fh_old = 0x7f15f400a3f0
    writepage = 0

bb_opendir(path="/", fi=0xf9f46c30)
    bb_fullpath:  rootdir = "/home/george/Prog/OS/lab4/fuse-tutorial-2018-02-04/src/root", path = "/", fpath = "/home/george/Prog/OS/lab4/fuse-tutorial-2018-02-04/src/root/"
    direct_io = 0
    opendir returned 0x0x7f15ec0094b0
    fi:
    flags = 0x00018800
    fh_old = 0x00000000
    writepage = 0
    direct_io = 0
    keep_cache = 0
    fh = 0x00007f15ec0094b0
    lock_owner = 0x0000000000000000
    keep_cache = 0
    fh = 0x00007f15f400a3f0
    lock_owner = 0x0000000000000000

bb_getattr(path="/", statbuf=0xfa769c10)
    bb_fullpath:  rootdir = "/home/george/Prog/OS/lab4/fuse-tutorial-2018-02-04/src/root", path = "/", fpath = "/home/george/Prog/OS/lab4/fuse-tutorial-2018-02-04/src/root/"
    lstat returned 0
    si:
    st_dev = 2068
    st_ino = 161833
    st_mode = 040775
    st_nlink = 2
    st_uid = 1000
    st_gid = 1000
    st_rdev = 0
    st_size = 4096
    st_blksize = 4096
    st_blocks = 8
    st_atime = 0x5cd974ac
    st_mtime = 0x5cd974ac
    st_ctime = 0x5cd974ac

bb_readdir(path="/", buf=0xec001d10, filler=0xfa9a8400, offset=0, fi=0xf9f46c30)
    readdir returned 0x0x7f15ec0094e0
calling filler with name .
calling filler with name ..
    fi:
    flags = 0x00000000
    fh_old = 0x7f15ec0094b0
    writepage = 0
    direct_io = 0
    keep_cache = 0
    fh = 0x00007f15ec0094b0
    lock_owner = 0x0000000000000000

bb_releasedir(path="/", fi=0xfa769c40)
    fi:
    flags = 0x00000000
    fh_old = 0x7f15ec0094b0
    writepage = 0
    direct_io = 0
    keep_cache = 0
    fh = 0x00007f15ec0094b0
    lock_owner = 0x0000000000000000

bb_opendir(path="/", fi=0xf9f46c30)
    bb_fullpath:  rootdir = "/home/george/Prog/OS/lab4/fuse-tutorial-2018-02-04/src/root", path = "/", fpath = "/home/george/Prog/OS/lab4/fuse-tutorial-2018-02-04/src/root/"
    opendir returned 0x0x7f15ec0094b0
    fi:
    flags = 0x00018800
    fh_old = 0x00000000
    writepage = 0
    direct_io = 0
    keep_cache = 0
    fh = 0x00007f15ec0094b0
    lock_owner = 0x0000000000000000

bb_getattr(path="/", statbuf=0xf9723c10)
    bb_fullpath:  rootdir = "/home/george/Prog/OS/lab4/fuse-tutorial-2018-02-04/src/root", path = "/", fpath = "/home/george/Prog/OS/lab4/fuse-tutorial-2018-02-04/src/root/"
    lstat returned 0
    si:
    st_dev = 2068
    st_ino = 161833
    st_mode = 040775
    st_nlink = 2
    st_uid = 1000
    st_gid = 1000
    st_rdev = 0
    st_size = 4096
    st_blksize = 4096
    st_blocks = 8
    st_atime = 0x5cd974ac
    st_mtime = 0x5cd974ac
    st_ctime = 0x5cd974ac

bb_readdir(path="/", buf=0xec0021a0, filler=0xfa9a8400, offset=0, fi=0xfa769c30)
    readdir returned 0x0x7f15ec0094e0
calling filler with name .
calling filler with name ..
    fi:
    flags = 0x00000000
    fh_old = 0x7f15ec0094b0
    writepage = 0
    direct_io = 0
    keep_cache = 0
    fh = 0x00007f15ec0094b0
    lock_owner = 0x0000000000000000

bb_releasedir(path="/", fi=0xf9723c40)
    fi:
    flags = 0x00000000
    fh_old = 0x7f15ec0094b0
    writepage = 0

bb_opendir(path="/", fi=0xfa769c30)
    bb_fullpath:  rootdir = "/home/george/Prog/OS/lab4/fuse-tutorial-2018-02-04/src/root", path = "/", fpath = "/home/george/Prog/OS/lab4/fuse-tutorial-2018-02-04/src/root/"
    direct_io = 0
    keep_cache = 0
    opendir returned 0x0x7f15f400a3f0
    fi:
    flags = 0x00018800
    fh_old = 0x00000000
    writepage = 0
    direct_io = 0
    keep_cache = 0
    fh = 0x00007f15f400a3f0
    lock_owner = 0x0000000000000000
    fh = 0x00007f15ec0094b0
    lock_owner = 0x0000000000000000

bb_getattr(path="/", statbuf=0xf9f46c10)
    bb_fullpath:  rootdir = "/home/george/Prog/OS/lab4/fuse-tutorial-2018-02-04/src/root", path = "/", fpath = "/home/george/Prog/OS/lab4/fuse-tutorial-2018-02-04/src/root/"
    lstat returned 0
    si:
    st_dev = 2068
    st_ino = 161833
    st_mode = 040775
    st_nlink = 2
    st_uid = 1000
    st_gid = 1000
    st_rdev = 0
    st_size = 4096
    st_blksize = 4096
    st_blocks = 8
    st_atime = 0x5cd974ac
    st_mtime = 0x5cd974ac
    st_ctime = 0x5cd974ac

bb_readdir(path="/", buf=0xec001d10, filler=0xfa9a8400, offset=0, fi=0xfa769c30)
    readdir returned 0x0x7f15f400a420
calling filler with name .
calling filler with name ..
    fi:
    flags = 0x00000000
    fh_old = 0x7f15f400a3f0
    writepage = 0
    direct_io = 0
    keep_cache = 0
    fh = 0x00007f15f400a3f0
    lock_owner = 0x0000000000000000

bb_releasedir(path="/", fi=0xf9f46c40)
    fi:
    flags = 0x00000000
    fh_old = 0x7f15f400a3f0
    writepage = 0
    direct_io = 0
    keep_cache = 0
    fh = 0x00007f15f400a3f0
    lock_owner = 0x0000000000000000

bb_opendir(path="/", fi=0xfa769c30)
    bb_fullpath:  rootdir = "/home/george/Prog/OS/lab4/fuse-tutorial-2018-02-04/src/root", path = "/", fpath = "/home/george/Prog/OS/lab4/fuse-tutorial-2018-02-04/src/root/"
    opendir returned 0x0x7f15f400a3f0
    fi:
    flags = 0x00018800
    fh_old = 0x00000000
    writepage = 0
    direct_io = 0
    keep_cache = 0
    fh = 0x00007f15f400a3f0
    lock_owner = 0x0000000000000000

bb_getattr(path="/", statbuf=0xf9723c10)
    bb_fullpath:  rootdir = "/home/george/Prog/OS/lab4/fuse-tutorial-2018-02-04/src/root", path = "/", fpath = "/home/george/Prog/OS/lab4/fuse-tutorial-2018-02-04/src/root/"
    lstat returned 0
    si:
    st_dev = 2068
    st_ino = 161833
    st_mode = 040775
    st_nlink = 2
    st_uid = 1000
    st_gid = 1000
    st_rdev = 0
    st_size = 4096
    st_blksize = 4096
    st_blocks = 8
    st_atime = 0x5cd974ac
    st_mtime = 0x5cd974ac
    st_ctime = 0x5cd974ac

bb_readdir(path="/", buf=0xf4002250, filler=0xfa9a8400, offset=0, fi=0xf9f46c30)
    readdir returned 0x0x7f15f400a420
calling filler with name .
calling filler with name ..
    fi:
    flags = 0x00000000
    fh_old = 0x7f15f400a3f0
    writepage = 0
    direct_io = 0
    keep_cache = 0
    fh = 0x00007f15f400a3f0
    lock_owner = 0x0000000000000000

bb_releasedir(path="/", fi=0xf9723c40)
    fi:
    flags = 0x00000000
    fh_old = 0x7f15f400a3f0
    writepage = 0
    direct_io = 0
    keep_cache = 0
    fh = 0x00007f15f400a3f0
    lock_owner = 0x0000000000000000

bb_getattr(path="/autorun.inf", statbuf=0xf9f46c40)
    bb_fullpath:  rootdir = "/home/george/Prog/OS/lab4/fuse-tutorial-2018-02-04/src/root", path = "/autorun.inf", fpath = "/home/george/Prog/OS/lab4/fuse-tutorial-2018-02-04/src/root/autorun.inf"
    lstat returned -1
    ERROR lstat: No such file or directory
    si:
    st_dev = 0
    st_ino = 0
    st_mode = 00
    st_nlink = 0
    st_uid = 0
    st_gid = 0
    st_rdev = 0
    st_size = 0
    st_blksize = 0
    st_blocks = 0
    st_atime = 0x00000000
    st_mtime = 0x00000000
    st_ctime = 0x00000000

bb_getattr(path="/", statbuf=0xfa769c10)
    bb_fullpath:  rootdir = "/home/george/Prog/OS/lab4/fuse-tutorial-2018-02-04/src/root", path = "/", fpath = "/home/george/Prog/OS/lab4/fuse-tutorial-2018-02-04/src/root/"
    lstat returned 0
    si:
    st_dev = 2068
    st_ino = 161833
    st_mode = 040775
    st_nlink = 2
    st_uid = 1000
    st_gid = 1000
    st_rdev = 0
    st_size = 4096
    st_blksize = 4096
    st_blocks = 8
    st_atime = 0x5cd974ac
    st_mtime = 0x5cd974ac
    st_ctime = 0x5cd974ac

bb_getattr(path="/", statbuf=0xf9723c10)
    bb_fullpath:  rootdir = "/home/george/Prog/OS/lab4/fuse-tutorial-2018-02-04/src/root", path = "/", fpath = "/home/george/Prog/OS/lab4/fuse-tutorial-2018-02-04/src/root/"
    lstat returned 0
    si:
    st_dev = 2068
    st_ino = 161833
    st_mode = 040775
    st_nlink = 2
    st_uid = 1000
    st_gid = 1000
    st_rdev = 0
    st_size = 4096
    st_blksize = 4096
    st_blocks = 8
    st_atime = 0x5cd974ac
    st_mtime = 0x5cd974ac
    st_ctime = 0x5cd974ac

bb_getattr(path="/", statbuf=0xf9f46c10)
    bb_fullpath:  rootdir = "/home/george/Prog/OS/lab4/fuse-tutorial-2018-02-04/src/root", path = "/", fpath = "/home/george/Prog/OS/lab4/fuse-tutorial-2018-02-04/src/root/"
    lstat returned 0
    si:
    st_dev = 2068
    st_ino = 161833
    st_mode = 040775
    st_nlink = 2
    st_uid = 1000
    st_gid = 1000
    st_rdev = 0
    st_size = 4096
    st_blksize = 4096
    st_blocks = 8
    st_atime = 0x5cd974ac
    st_mtime = 0x5cd974ac
    st_ctime = 0x5cd974ac

bb_getxattr(path = "/", name = "security.selinux", value = 0xf4001df0, size = 255)
    bb_fullpath:  rootdir = "/home/george/Prog/OS/lab4/fuse-tutorial-2018-02-04/src/root", path = "/", fpath = "/home/george/Prog/OS/lab4/fuse-tutorial-2018-02-04/src/root/"
    lgetxattr returned -1
    ERROR lgetxattr: No data available

bb_getxattr(path = "/", name = "system.posix_acl_access", value = 0x00000000, size = 0)
    bb_fullpath:  rootdir = "/home/george/Prog/OS/lab4/fuse-tutorial-2018-02-04/src/root", path = "/", fpath = "/home/george/Prog/OS/lab4/fuse-tutorial-2018-02-04/src/root/"
    lgetxattr returned -1
    ERROR lgetxattr: No data available

bb_getxattr(path = "/", name = "system.posix_acl_default", value = 0x00000000, size = 0)
    bb_fullpath:  rootdir = "/home/george/Prog/OS/lab4/fuse-tutorial-2018-02-04/src/root", path = "/", fpath = "/home/george/Prog/OS/lab4/fuse-tutorial-2018-02-04/src/root/"
    lgetxattr returned -1
    ERROR lgetxattr: No data available

bb_getattr(path="/", statbuf=0xfa769c10)
    bb_fullpath:  rootdir = "/home/george/Prog/OS/lab4/fuse-tutorial-2018-02-04/src/root", path = "/", fpath = "/home/george/Prog/OS/lab4/fuse-tutorial-2018-02-04/src/root/"
    lstat returned 0
    si:
    st_dev = 2068
    st_ino = 161833
    st_mode = 040775
    st_nlink = 2
    st_uid = 1000
    st_gid = 1000
    st_rdev = 0
    st_size = 4096
    st_blksize = 4096
    st_blocks = 8
    st_atime = 0x5cd974ac
    st_mtime = 0x5cd974ac
    st_ctime = 0x5cd974ac

bb_getattr(path="/", statbuf=0xf9723c10)
    bb_fullpath:  rootdir = "/home/george/Prog/OS/lab4/fuse-tutorial-2018-02-04/src/root", path = "/", fpath = "/home/george/Prog/OS/lab4/fuse-tutorial-2018-02-04/src/root/"
    lstat returned 0
    si:
    st_dev = 2068
    st_ino = 161833
    st_mode = 040775
    st_nlink = 2
    st_uid = 1000
    st_gid = 1000
    st_rdev = 0
    st_size = 4096
    st_blksize = 4096
    st_blocks = 8
    st_atime = 0x5cd974ac
    st_mtime = 0x5cd974ac
    st_ctime = 0x5cd974ac

bb_getxattr(path = "/", name = "security.selinux", value = 0xec000bf0, size = 255)
    bb_fullpath:  rootdir = "/home/george/Prog/OS/lab4/fuse-tutorial-2018-02-04/src/root", path = "/", fpath = "/home/george/Prog/OS/lab4/fuse-tutorial-2018-02-04/src/root/"
    lgetxattr returned -1
    ERROR lgetxattr: No data available

bb_getxattr(path = "/", name = "system.posix_acl_access", value = 0x00000000, size = 0)
    bb_fullpath:  rootdir = "/home/george/Prog/OS/lab4/fuse-tutorial-2018-02-04/src/root", path = "/", fpath = "/home/george/Prog/OS/lab4/fuse-tutorial-2018-02-04/src/root/"
    lgetxattr returned -1
    ERROR lgetxattr: No data available

bb_getxattr(path = "/", name = "system.posix_acl_default", value = 0x00000000, size = 0)
    bb_fullpath:  rootdir = "/home/george/Prog/OS/lab4/fuse-tutorial-2018-02-04/src/root", path = "/", fpath = "/home/george/Prog/OS/lab4/fuse-tutorial-2018-02-04/src/root/"
    lgetxattr returned -1
    ERROR lgetxattr: No data available

bb_getattr(path="/", statbuf=0xf9f46c10)
    bb_fullpath:  rootdir = "/home/george/Prog/OS/lab4/fuse-tutorial-2018-02-04/src/root", path = "/", fpath = "/home/george/Prog/OS/lab4/fuse-tutorial-2018-02-04/src/root/"
    lstat returned 0
    si:
    st_dev = 2068
    st_ino = 161833
    st_mode = 040775
    st_nlink = 2
    st_uid = 1000
    st_gid = 1000
    st_rdev = 0
    st_size = 4096
    st_blksize = 4096
    st_blocks = 8
    st_atime = 0x5cd974ac
    st_mtime = 0x5cd974ac
    st_ctime = 0x5cd974ac

bb_getxattr(path = "/", name = "security.selinux", value = 0xf4001df0, size = 255)
    bb_fullpath:  rootdir = "/home/george/Prog/OS/lab4/fuse-tutorial-2018-02-04/src/root", path = "/", fpath = "/home/george/Prog/OS/lab4/fuse-tutorial-2018-02-04/src/root/"
    lgetxattr returned -1
    ERROR lgetxattr: No data available

bb_getxattr(path = "/", name = "system.posix_acl_access", value = 0x00000000, size = 0)
    bb_fullpath:  rootdir = "/home/george/Prog/OS/lab4/fuse-tutorial-2018-02-04/src/root", path = "/", fpath = "/home/george/Prog/OS/lab4/fuse-tutorial-2018-02-04/src/root/"
    lgetxattr returned -1
    ERROR lgetxattr: No data available

bb_getxattr(path = "/", name = "system.posix_acl_default", value = 0x00000000, size = 0)
    bb_fullpath:  rootdir = "/home/george/Prog/OS/lab4/fuse-tutorial-2018-02-04/src/root", path = "/", fpath = "/home/george/Prog/OS/lab4/fuse-tutorial-2018-02-04/src/root/"
    lgetxattr returned -1
    ERROR lgetxattr: No data available

bb_getattr(path="/", statbuf=0xfa769c10)
    bb_fullpath:  rootdir = "/home/george/Prog/OS/lab4/fuse-tutorial-2018-02-04/src/root", path = "/", fpath = "/home/george/Prog/OS/lab4/fuse-tutorial-2018-02-04/src/root/"
    lstat returned 0
    si:
    st_dev = 2068
    st_ino = 161833
    st_mode = 040775
    st_nlink = 2
    st_uid = 1000
    st_gid = 1000
    st_rdev = 0
    st_size = 4096
    st_blksize = 4096
    st_blocks = 8
    st_atime = 0x5cd974ac
    st_mtime = 0x5cd974ac
    st_ctime = 0x5cd974ac

bb_getxattr(path = "/", name = "security.selinux", value = 0xf0000bf0, size = 255)
    bb_fullpath:  rootdir = "/home/george/Prog/OS/lab4/fuse-tutorial-2018-02-04/src/root", path = "/", fpath = "/home/george/Prog/OS/lab4/fuse-tutorial-2018-02-04/src/root/"
    lgetxattr returned -1
    ERROR lgetxattr: No data available

bb_getxattr(path = "/", name = "system.posix_acl_access", value = 0x00000000, size = 0)
    bb_fullpath:  rootdir = "/home/george/Prog/OS/lab4/fuse-tutorial-2018-02-04/src/root", path = "/", fpath = "/home/george/Prog/OS/lab4/fuse-tutorial-2018-02-04/src/root/"
    lgetxattr returned -1
    ERROR lgetxattr: No data available

bb_getxattr(path = "/", name = "system.posix_acl_default", value = 0x00000000, size = 0)
    bb_fullpath:  rootdir = "/home/george/Prog/OS/lab4/fuse-tutorial-2018-02-04/src/root", path = "/", fpath = "/home/george/Prog/OS/lab4/fuse-tutorial-2018-02-04/src/root/"
    lgetxattr returned -1
    ERROR lgetxattr: No data available

bb_getattr(path="/", statbuf=0xf9723c10)
    bb_fullpath:  rootdir = "/home/george/Prog/OS/lab4/fuse-tutorial-2018-02-04/src/root", path = "/", fpath = "/home/george/Prog/OS/lab4/fuse-tutorial-2018-02-04/src/root/"
    lstat returned 0
    si:
    st_dev = 2068
    st_ino = 161833
    st_mode = 040775
    st_nlink = 2
    st_uid = 1000
    st_gid = 1000
    st_rdev = 0
    st_size = 4096
    st_blksize = 4096
    st_blocks = 8
    st_atime = 0x5cd974ac
    st_mtime = 0x5cd974ac
    st_ctime = 0x5cd974ac

bb_getattr(path="/", statbuf=0xf9f46c10)
    bb_fullpath:  rootdir = "/home/george/Prog/OS/lab4/fuse-tutorial-2018-02-04/src/root", path = "/", fpath = "/home/george/Prog/OS/lab4/fuse-tutorial-2018-02-04/src/root/"
    lstat returned 0
    si:
    st_dev = 2068
    st_ino = 161833
    st_mode = 040775
    st_nlink = 2
    st_uid = 1000
    st_gid = 1000
    st_rdev = 0
    st_size = 4096
    st_blksize = 4096
    st_blocks = 8
    st_atime = 0x5cd974ac
    st_mtime = 0x5cd974ac
    st_ctime = 0x5cd974ac

bb_getattr(path="/", statbuf=0xfa769c10)
    bb_fullpath:  rootdir = "/home/george/Prog/OS/lab4/fuse-tutorial-2018-02-04/src/root", path = "/", fpath = "/home/george/Prog/OS/lab4/fuse-tutorial-2018-02-04/src/root/"
    lstat returned 0
    si:
    st_dev = 2068
    st_ino = 161833
    st_mode = 040775
    st_nlink = 2
    st_uid = 1000
    st_gid = 1000
    st_rdev = 0
    st_size = 4096
    st_blksize = 4096
    st_blocks = 8
    st_atime = 0x5cd974ac
    st_mtime = 0x5cd974ac
    st_ctime = 0x5cd974ac

bb_destroy(userdata=0x3eece260)
